  Source.cpp
c:\users\nidhi\source\repos\objectdetection_dll\objectdetection_dll\source.cpp(41): warning C4244: 'initializing': conversion from 'double' to 'int', possible loss of data
c:\users\nidhi\source\repos\objectdetection_dll\objectdetection_dll\source.cpp(67): warning C4474: 'sprintf_s' : too many arguments passed for format string
  c:\users\nidhi\source\repos\objectdetection_dll\objectdetection_dll\source.cpp(67): note: placeholders and their parameters expect 0 variadic arguments, but 1 were provided
c:\users\nidhi\source\repos\objectdetection_dll\objectdetection_dll\source.cpp(68): warning C4474: 'sprintf_s' : too many arguments passed for format string
  c:\users\nidhi\source\repos\objectdetection_dll\objectdetection_dll\source.cpp(68): note: placeholders and their parameters expect 0 variadic arguments, but 1 were provided
c:\users\nidhi\source\repos\objectdetection_dll\objectdetection_dll\source.cpp(69): warning C4474: 'sprintf_s' : too many arguments passed for format string
  c:\users\nidhi\source\repos\objectdetection_dll\objectdetection_dll\source.cpp(69): note: placeholders and their parameters expect 0 variadic arguments, but 1 were provided
c:\users\nidhi\source\repos\objectdetection_dll\objectdetection_dll\source.cpp(70): warning C4474: 'sprintf_s' : too many arguments passed for format string
  c:\users\nidhi\source\repos\objectdetection_dll\objectdetection_dll\source.cpp(70): note: placeholders and their parameters expect 0 variadic arguments, but 1 were provided
c:\users\nidhi\source\repos\objectdetection_dll\objectdetection_dll\source.cpp(71): warning C4474: 'sprintf_s' : too many arguments passed for format string
  c:\users\nidhi\source\repos\objectdetection_dll\objectdetection_dll\source.cpp(71): note: placeholders and their parameters expect 0 variadic arguments, but 1 were provided
c:\users\nidhi\source\repos\objectdetection_dll\objectdetection_dll\source.cpp(72): warning C4474: 'sprintf_s' : too many arguments passed for format string
  c:\users\nidhi\source\repos\objectdetection_dll\objectdetection_dll\source.cpp(72): note: placeholders and their parameters expect 0 variadic arguments, but 1 were provided
c:\users\nidhi\source\repos\objectdetection_dll\objectdetection_dll\source.cpp(160): warning C4267: 'initializing': conversion from 'size_t' to 'int', possible loss of data
c:\users\nidhi\source\repos\objectdetection_dll\objectdetection_dll\source.cpp(173): warning C4244: '=': conversion from 'double' to 'int', possible loss of data
c:\users\nidhi\source\repos\objectdetection_dll\objectdetection_dll\source.cpp(174): warning C4244: '=': conversion from 'double' to 'int', possible loss of data
c:\users\nidhi\source\repos\objectdetection_dll\objectdetection_dll\source.cpp(258): warning C4244: '=': conversion from 'double' to 'int', possible loss of data
c:\users\nidhi\source\repos\objectdetection_dll\objectdetection_dll\source.cpp(259): warning C4244: '=': conversion from 'double' to 'int', possible loss of data
     Creating library C:\Users\nidhi\source\repos\ObjectDetection_DLL\x64\Release\ObjectDetection_DLL.lib and object C:\Users\nidhi\source\repos\ObjectDetection_DLL\x64\Release\ObjectDetection_DLL.exp
  Generating code
  2 of 356 functions ( 0.6%) were compiled, the rest were copied from previous compilation.
    0 functions were new in current compilation
    0 functions had inline decision re-evaluated but remain unchanged
  Finished generating code
  ObjectDetection_DLL.vcxproj -> C:\Users\nidhi\source\repos\ObjectDetection_DLL\x64\Release\ObjectDetection_DLL.dll
